Copyright 1986-2021 Xilinx, Inc. All Rights Reserved.
-------------------------------------------------------------------------------------------------
| Tool Version : Vivado v.2021.1.1 (win64) Build 3286242 Wed Jul 28 13:10:47 MDT 2021
| Date         : Mon Oct 11 05:18:38 2021
| Host         : DESKTOP-N06I001 running 64-bit major release  (build 9200)
| Command      : report_utilization -file RC5_utilization_synth.rpt -pb RC5_utilization_synth.pb
| Design       : RC5
| Device       : 7vx485tffg1157-1
| Design State : Synthesized
-------------------------------------------------------------------------------------------------

Utilization Design Information

Table of Contents
-----------------
1. Slice Logic
1.1 Summary of Registers by Type
2. Memory
3. DSP
4. IO and GT Specific
5. Clocking
6. Specific Feature
7. Primitives
8. Black Boxes
9. Instantiated Netlists

1. Slice Logic
--------------

+-------------------------+------+-------+------------+-----------+-------+
|        Site Type        | Used | Fixed | Prohibited | Available | Util% |
+-------------------------+------+-------+------------+-----------+-------+
| Slice LUTs*             | 1872 |     0 |          0 |    303600 |  0.62 |
|   LUT as Logic          | 1872 |     0 |          0 |    303600 |  0.62 |
|   LUT as Memory         |    0 |     0 |          0 |    130800 |  0.00 |
| Slice Registers         | 2023 |     0 |          0 |    607200 |  0.33 |
|   Register as Flip Flop | 1191 |     0 |          0 |    607200 |  0.20 |
|   Register as Latch     |  832 |     0 |          0 |    607200 |  0.14 |
| F7 Muxes                |  159 |     0 |          0 |    151800 |  0.10 |
| F8 Muxes                |    0 |     0 |          0 |     75900 |  0.00 |
+-------------------------+------+-------+------------+-----------+-------+
* Warning! The Final LUT count, after physical optimizations and full implementation, is typically lower. Run opt_design after synthesis, if not already completed, for a more realistic count.


1.1 Summary of Registers by Type
--------------------------------

+-------+--------------+-------------+--------------+
| Total | Clock Enable | Synchronous | Asynchronous |
+-------+--------------+-------------+--------------+
| 0     |            _ |           - |            - |
| 0     |            _ |           - |          Set |
| 0     |            _ |           - |        Reset |
| 0     |            _ |         Set |            - |
| 0     |            _ |       Reset |            - |
| 0     |          Yes |           - |            - |
| 423   |          Yes |           - |          Set |
| 1536  |          Yes |           - |        Reset |
| 0     |          Yes |         Set |            - |
| 64    |          Yes |       Reset |            - |
+-------+--------------+-------------+--------------+


2. Memory
---------

+----------------+------+-------+------------+-----------+-------+
|    Site Type   | Used | Fixed | Prohibited | Available | Util% |
+----------------+------+-------+------------+-----------+-------+
| Block RAM Tile |    0 |     0 |          0 |      1030 |  0.00 |
|   RAMB36/FIFO* |    0 |     0 |          0 |      1030 |  0.00 |
|   RAMB18       |    0 |     0 |          0 |      2060 |  0.00 |
+----------------+------+-------+------------+-----------+-------+
* Note: Each Block RAM Tile only has one FIFO logic available and therefore can accommodate only one FIFO36E1 or one FIFO18E1. However, if a FIFO18E1 occupies a Block RAM Tile, that tile can still accommodate a RAMB18E1


3. DSP
------

+-----------+------+-------+------------+-----------+-------+
| Site Type | Used | Fixed | Prohibited | Available | Util% |
+-----------+------+-------+------------+-----------+-------+
| DSPs      |    0 |     0 |          0 |      2800 |  0.00 |
+-----------+------+-------+------------+-----------+-------+


4. IO and GT Specific
---------------------

+-----------------------------+------+-------+------------+-----------+-------+
|          Site Type          | Used | Fixed | Prohibited | Available | Util% |
+-----------------------------+------+-------+------------+-----------+-------+
| Bonded IOB                  |  263 |     0 |          0 |       600 | 43.83 |
| Bonded IPADs                |    0 |     0 |          0 |        62 |  0.00 |
| Bonded OPADs                |    0 |     0 |          0 |        40 |  0.00 |
| PHY_CONTROL                 |    0 |     0 |          0 |        14 |  0.00 |
| PHASER_REF                  |    0 |     0 |          0 |        14 |  0.00 |
| OUT_FIFO                    |    0 |     0 |          0 |        56 |  0.00 |
| IN_FIFO                     |    0 |     0 |          0 |        56 |  0.00 |
| IDELAYCTRL                  |    0 |     0 |          0 |        14 |  0.00 |
| IBUFDS                      |    0 |     0 |          0 |       576 |  0.00 |
| GTXE2_COMMON                |    0 |     0 |          0 |         5 |  0.00 |
| GTXE2_CHANNEL               |    0 |     0 |          0 |        20 |  0.00 |
| PHASER_OUT/PHASER_OUT_PHY   |    0 |     0 |          0 |        56 |  0.00 |
| PHASER_IN/PHASER_IN_PHY     |    0 |     0 |          0 |        56 |  0.00 |
| IDELAYE2/IDELAYE2_FINEDELAY |    0 |     0 |          0 |       700 |  0.00 |
| ODELAYE2/ODELAYE2_FINEDELAY |    0 |     0 |          0 |       700 |  0.00 |
| IBUFDS_GTE2                 |    0 |     0 |          0 |        10 |  0.00 |
| ILOGIC                      |    0 |     0 |          0 |       600 |  0.00 |
| OLOGIC                      |    0 |     0 |          0 |       600 |  0.00 |
+-----------------------------+------+-------+------------+-----------+-------+


5. Clocking
-----------

+------------+------+-------+------------+-----------+-------+
|  Site Type | Used | Fixed | Prohibited | Available | Util% |
+------------+------+-------+------------+-----------+-------+
| BUFGCTRL   |    2 |     0 |          0 |        32 |  6.25 |
| BUFIO      |    0 |     0 |          0 |        56 |  0.00 |
| MMCME2_ADV |    0 |     0 |          0 |        14 |  0.00 |
| PLLE2_ADV  |    0 |     0 |          0 |        14 |  0.00 |
| BUFMRCE    |    0 |     0 |          0 |        28 |  0.00 |
| BUFHCE     |    0 |     0 |          0 |       168 |  0.00 |
| BUFR       |    0 |     0 |          0 |        56 |  0.00 |
+------------+------+-------+------------+-----------+-------+


6. Specific Feature
-------------------

+-------------+------+-------+------------+-----------+-------+
|  Site Type  | Used | Fixed | Prohibited | Available | Util% |
+-------------+------+-------+------------+-----------+-------+
| BSCANE2     |    0 |     0 |          0 |         4 |  0.00 |
| CAPTUREE2   |    0 |     0 |          0 |         1 |  0.00 |
| DNA_PORT    |    0 |     0 |          0 |         1 |  0.00 |
| EFUSE_USR   |    0 |     0 |          0 |         1 |  0.00 |
| FRAME_ECCE2 |    0 |     0 |          0 |         1 |  0.00 |
| ICAPE2      |    0 |     0 |          0 |         2 |  0.00 |
| PCIE_2_1    |    0 |     0 |          0 |         4 |  0.00 |
| STARTUPE2   |    0 |     0 |          0 |         1 |  0.00 |
| XADC        |    0 |     0 |          0 |         1 |  0.00 |
+-------------+------+-------+------------+-----------+-------+


7. Primitives
-------------

+----------+------+---------------------+
| Ref Name | Used | Functional Category |
+----------+------+---------------------+
| LUT6     | 1178 |                 LUT |
| LDCE     |  832 |        Flop & Latch |
| FDCE     |  704 |        Flop & Latch |
| FDPE     |  423 |        Flop & Latch |
| LUT5     |  353 |                 LUT |
| IBUF     |  197 |                  IO |
| LUT3     |  188 |                 LUT |
| LUT2     |  183 |                 LUT |
| MUXF7    |  159 |               MuxFx |
| LUT4     |  106 |                 LUT |
| CARRY4   |   72 |          CarryLogic |
| OBUF     |   66 |                  IO |
| FDRE     |   64 |        Flop & Latch |
| LUT1     |    6 |                 LUT |
| BUFG     |    2 |               Clock |
+----------+------+---------------------+


8. Black Boxes
--------------

+----------+------+
| Ref Name | Used |
+----------+------+


9. Instantiated Netlists
------------------------

+----------+------+
| Ref Name | Used |
+----------+------+


